Determining if the pthread_create exist failed with the following output:
Change Dir: /home/qmind/ROS/tutorial_ws/build/CMakeFiles/CMakeTmp

Run Build Command:"/usr/bin/make" "cmTC_007cb/fast"
/usr/bin/make -f CMakeFiles/cmTC_007cb.dir/build.make CMakeFiles/cmTC_007cb.dir/build
make[1]: Entering directory '/home/qmind/ROS/tutorial_ws/build/CMakeFiles/CMakeTmp'
Building C object CMakeFiles/cmTC_007cb.dir/CheckSymbolExists.c.o
/usr/bin/cc     -o CMakeFiles/cmTC_007cb.dir/CheckSymbolExists.c.o   -c /home/qmind/ROS/tutorial_ws/build/CMakeFiles/CMakeTmp/CheckSymbolExists.c
Linking C executable cmTC_007cb
/usr/bin/cmake -E cmake_link_script CMakeFiles/cmTC_007cb.dir/link.txt --verbose=1
/usr/bin/cc       CMakeFiles/cmTC_007cb.dir/CheckSymbolExists.c.o  -o cmTC_007cb -rdynamic 
CMakeFiles/cmTC_007cb.dir/CheckSymbolExists.c.o: In function `main':
CheckSymbolExists.c:(.text+0x16): undefined reference to `pthread_create'
collect2: error: ld returned 1 exit status
CMakeFiles/cmTC_007cb.dir/build.make:97: recipe for target 'cmTC_007cb' failed
make[1]: *** [cmTC_007cb] Error 1
make[1]: Leaving directory '/home/qmind/ROS/tutorial_ws/build/CMakeFiles/CMakeTmp'
Makefile:126: recipe for target 'cmTC_007cb/fast' failed
make: *** [cmTC_007cb/fast] Error 2

File /home/qmind/ROS/tutorial_ws/build/CMakeFiles/CMakeTmp/CheckSymbolExists.c:
/* */
#include <pthread.h>

int main(int argc, char** argv)
{
  (void)argv;
#ifndef pthread_create
  return ((int*)(&pthread_create))[argc];
#else
  (void)argc;
  return 0;
#endif
}

Determining if the function pthread_create exists in the pthreads failed with the following output:
Change Dir: /home/qmind/ROS/tutorial_ws/build/CMakeFiles/CMakeTmp

Run Build Command:"/usr/bin/make" "cmTC_ca4ba/fast"
/usr/bin/make -f CMakeFiles/cmTC_ca4ba.dir/build.make CMakeFiles/cmTC_ca4ba.dir/build
make[1]: Entering directory '/home/qmind/ROS/tutorial_ws/build/CMakeFiles/CMakeTmp'
Building C object CMakeFiles/cmTC_ca4ba.dir/CheckFunctionExists.c.o
/usr/bin/cc    -DCHECK_FUNCTION_EXISTS=pthread_create   -o CMakeFiles/cmTC_ca4ba.dir/CheckFunctionExists.c.o   -c /usr/share/cmake-3.5/Modules/CheckFunctionExists.c
Linking C executable cmTC_ca4ba
/usr/bin/cmake -E cmake_link_script CMakeFiles/cmTC_ca4ba.dir/link.txt --verbose=1
/usr/bin/cc   -DCHECK_FUNCTION_EXISTS=pthread_create    CMakeFiles/cmTC_ca4ba.dir/CheckFunctionExists.c.o  -o cmTC_ca4ba -rdynamic -lpthreads 
/usr/bin/ld: cannot find -lpthreads
collect2: error: ld returned 1 exit status
CMakeFiles/cmTC_ca4ba.dir/build.make:97: recipe for target 'cmTC_ca4ba' failed
make[1]: *** [cmTC_ca4ba] Error 1
make[1]: Leaving directory '/home/qmind/ROS/tutorial_ws/build/CMakeFiles/CMakeTmp'
Makefile:126: recipe for target 'cmTC_ca4ba/fast' failed
make: *** [cmTC_ca4ba/fast] Error 2


